1 - Fire1
2 - Fire2
3 - Fire3
4 - Fire4
5 - Fire5
6 - Fire6
7 - Fire7
8 - Ice1
9 - Ice2
10- Ice3
11- Ice4
12- Ice5
13- Ice6
14- Ice7
15- Bolt1
16- Bolt2
17- Bolt3
18- Bolt4
19- Bolt5
20- Bolt6
21- Bolt7
22- Quake1
23- Quake2
24- Quake3
25- Quake4
26- Cure1
27- Cure2
28- Cure3
29- Cure4
30- Heal
31- Meteo
32- White Meteo
33- Comet
34- Nuke
35- Merton
36- White Light
37- Dark Matter
38- Big Bang
39- Poisin
40- Sleep
41- Piggy
42- Frog
43- Stone
44- Death Sentence
45- Summon Titan
46- Summon Myst Dragon
47- Summon Shiva
48- Summon Infert
49- Summon Ramah
50- Summon Giant Chicken
51- Summon Levatian
52- Summon Druid
53- Summon White Rabbit
54- Summon Golem
55- Double Cut
56- Triple Cut
57- Quadraslash
58- Omnislash
59- Shadow
60- Gore Thrust
61- Disembowler
62- Decripinator
63- Sword1
64- Sword2
65- Sword3
66- Sword4
67- Sword5
68- Wild Fang
69- Tackle
70- Maul
71- Shredder
72-
73-
74-
75-
76- Ultima
77-
78-
79-
80-
81-
82-
83-
84-
85-
86-
87-
88-
89-
90-
91-
92-
93-
94-
95-
96-
97-
98-
99-
100-
101-
102-
103-
104-
105-
106-
107-
108-
109-
110-
111-
112-
113-
114-
115-
116-
117-
118-
119-
120-
121-
122-
123-
124-
125-
126-
127-
128-
129-
130-
131-
132-
133-
134-
135-
136-
137-
138-
139-
140-
141-
142-
143-
144-
145-
146-
147-
148-
149-
150-
151-
152-
153-
154-
155-
156-
157-
158-
159-
160-
161-
162-
163-
164-
165-
166-
167-
168-
169-
170-
171-
172-
173-
174-
175-
176-
177-
178-
179-
180-
181-
182-
183-
184-
185-
186-
187-
188-
189-
190-
191-
192-
193-
194-
195-
196-
197-
198-
199-
200-
201-
202-
203-
204-
205-
206-
207-
208-
209-
210-
211-
212-
213-
214-
215-
216-
217-
218-
219-
220-
221-
222-
223-
224-
225-
226-
227-
228-
229-
230-
231-
232-
233-
234-
235-
236-
237-
238-
239-
240-
241-
242-
243-
244-
245-
246-
247-
248-
249-
250-
251-
252-
253-
254-
255-
256-
257-
258-
259-
260-
261-
262-
263-
264-
265-
266-
267-
268-
269-
270-
271-
272-
273-
274-
275-
276-
277-
278-
279-
280-
281-
282-
283-
284-
285-
286-
287-
288-
289-
290-
291-
292-
293-
294-
295-
296-
297-
298-
299-
300

